make all --print-data-base --no-builtin-variables --no-builtin-rules --question
# GNU Make 3.81
# Copyright (C) 2006  Free Software Foundation, Inc.
# This is free software; see the source for copying conditions.
# There is NO warranty; not even for MERCHANTABILITY or FITNESS FOR A
# PARTICULAR PURPOSE.

# This program built for i386-apple-darwin11.3.0
 

# Make data base, printed on Fri Jul 15 20:25:57 2022

# Variables

# automatic
<D = $(patsubst %/,%,$(dir $<))
# automatic
?F = $(notdir $?)
# environment
ELECTRON_NO_ATTACH_CONSOLE = 1
# automatic
?D = $(patsubst %/,%,$(dir $?))
# automatic
@D = $(patsubst %/,%,$(dir $@))
# automatic
@F = $(notdir $@)
# makefile
CURDIR := /Users/mjorgensen/Projects/prplecake.com
# makefile (from `Makefile', line 1)
SHELL := /bin/bash
# environment
VSCODE_NLS_CONFIG = {"locale":"en-us","availableLanguages":{},"_languagePackSupport":true}
# environment
_ = /usr/bin/make
# makefile (from `Makefile', line 1)
MAKEFILE_LIST :=  Makefile
# environment
RESCUETIME_API_KEY = ***REMOVED***
# environment
__CFBundleIdentifier = com.microsoft.VSCode
# environment
VSCODE_CWD = /Users/mjorgensen/Projects/prplecake.com
# environment
define PATH
/Users/mjorgensen/.rbenv/shims:/Users/mjorgensen/.rbenv/bin:/usr/local/sbin:/Users/mjorgensen/sources/uxn/bin:/opt/local/bin:/Users/mjorgensen/Library/Python/3.10/bin
/Users/mjorgensen/Library/Python/2.7/bin
/Users/mjorgensen/Library/Python/3.9/bin
/Users/mjorgensen/Library/Python/3.8/bin:/Users/mjorgensen/go/bin:/Users/mjorgensen/.gem/ruby/2.6.0/bin:/Users/mjorgensen/.rbenv/shims:/Users/mjorgensen/.rbenv/bin:/usr/local/sbin:/Users/mjorgensen/sources/uxn/bin:/opt/local/bin:/Users/mjorgensen/Library/Python/3.10/bin
/Users/mjorgensen/Library/Python/2.7/bin
/Users/mjorgensen/Library/Python/3.9/bin
/Users/mjorgensen/Library/Python/3.8/bin:/Users/mjorgensen/go/bin:/Users/mjorgensen/.gem/ruby/2.6.0/bin:/Users/mjorgensen/.rbenv/shims:/Users/mjorgensen/.rbenv/bin:/usr/local/sbin:/Users/mjorgensen/sources/uxn/bin:/opt/local/bin:/Users/mjorgensen/Library/Python/3.10/bin
/Users/mjorgensen/Library/Python/2.7/bin
/Users/mjorgensen/Library/Python/3.9/bin
/Users/mjorgensen/Library/Python/3.8/bin:/Users/mjorgensen/go/bin:/Users/mjorgensen/.gem/ruby/2.6.0/bin:/opt/local/bin:/opt/local/sbin:/opt/local/bin:/opt/local/sbin:/opt/local/bin:/usr/local/bin:/usr/bin:/bin:/usr/sbin:/sbin:/Applications/VMware Fusion.app/Contents/Public:/Library/TeX/texbin:/usr/local/go/bin:/usr/local/MacGPG2/bin:/usr/local/share/dotnet:/opt/X11/bin:~/.dotnet/tools:/Library/Apple/usr/bin:/Library/Frameworks/Mono.framework/Versions/Current/Commands:/Users/mjorgensen/.rbenv/shims:/Users/mjorgensen/.rbenv/bin:/usr/local/sbin:/Users/mjorgensen/sources/uxn/bin:/Users/mjorgensen/Library/Python/3.10/bin /Users/mjorgensen/Library/Python/2.7/bin /Users/mjorgensen/Library/Python/3.9/bin /Users/mjorgensen/Library/Python/3.8/bin:/Users/mjorgensen/go/bin:/Users/mjorgensen/.gem/ruby/2.6.0/bin:/opt/local/sbin:/Applications/Visual Studio Code.app/Contents/Resources/app/bin:/Users/mjorgensen/.dotnet/tools:/Applications/Visual Studio Code.app/Contents/Resources/app/bin:/Users/mjorgensen/.dotnet/tools:/Applications/Visual Studio Code.app/Contents/Resources/app/bin:/Users/mjorgensen/.dotnet/tools:/Applications/Visual Studio Code.app/Contents/Resources/app/bin:/Users/mjorgensen/.dotnet/tools
endef
# environment
LSCOLORS = Gxfxcxdxbxegedabagacad
# environment
ruby_home = /Users/mjorgensen/.gem/ruby/2.6.0
# makefile (from `Makefile', line 30)
proofer_ignore_files := `awk '{print}' .proofer_ignore_files | grep -v '^#' | sed '/^$$/d' | paste -s -d, -`
# environment
GOPATH = /Users/mjorgensen/go
# environment
LaunchInstanceID = 542DC144-2008-4078-9F9F-A350A5F2EB0C
# environment
ELECTRON_RUN_AS_NODE = 1
# default
.FEATURES := target-specific order-only second-expansion else-if archives jobserver check-symlink
# environment
SSH_AUTH_SOCK = /private/tmp/com.apple.launchd.t9gdfIeZd8/Listeners
# automatic
%F = $(notdir $%)
# environment
DISPLAY = :0
# environment
SQLITE_EXEMPT_PATH_FROM_VNODE_GUARDS = /Users/mjorgensen/Library/WebKit/Databases
# environment
VISUAL = vim
# environment
TMUX_PANE = %0
# environment
MIGADU_SMTP_PASS = hdDGa_eVsMcuz7m-aNRsaFaT
# environment
PWD = /Users/mjorgensen/Projects/prplecake.com
# environment
ORIGINAL_XDG_CURRENT_DESKTOP = undefined
# environment
VSCODE_AMD_ENTRYPOINT = vs/workbench/api/node/extensionHostProcess
# environment
HOME = /Users/mjorgensen
# default
MAKEFILEPATH := /Applications/Xcode.app/Contents/Developer/Makefiles
# environment
VSCODE_CLI = 1
# environment
VSCODE_CODE_CACHE_PATH = /Users/mjorgensen/Library/Application Support/Code/CachedData/92d25e35d9bf1a6b16f7d0758f25d48ace11e5b9
# environment
LOGNAME = mjorgensen
# environment
APPLICATION_INSIGHTS_NO_DIAGNOSTIC_CHANNEL = true
# environment
METASRHT_ACCESS_TOKEN = ***REMOVED***
# environment
ZSH = /Users/mjorgensen/.dotfiles/oh-my-zsh
# makefile (from `Makefile', line 37)
sshopts := -o StrictHostKeyChecking=no -i ~/.ssh/mario_rsa
# environment
VSCODE_HANDLES_UNCAUGHT_ERRORS = true
# automatic
^D = $(patsubst %/,%,$(dir $^))
# environment
XPC_FLAGS = 0x0
# environment
COLORTERM = truecolor
# default
MAKE = $(MAKE_COMMAND)
# environment
LC_TERMINAL = iTerm2
# environment
SHLVL = 4
# makefile (from `Makefile', line 6)
PROJECT_DEPS := Gemfile
# default
MAKE_VERSION := 3.81
# makefile (from `Makefile', line 29)
grep_cmd := grep -v '^#' | sed '/^$$/d'
# environment
USER = mjorgensen
# makefile
.DEFAULT_GOAL := all
# default
MAKECMDGOALS := all
# environment
TERM_SESSION_ID = w0t0p0:BA8374E8-1264-4902-A50A-C2F92F6314C3
# environment
LESS = --no-init --quit-if-one-screen
# automatic
%D = $(patsubst %/,%,$(dir $%))
# environment
ASH_SKIP = 0
# default
MAKE_COMMAND := /Applications/Xcode.app/Contents/Developer/usr/bin/make
# environment
TERM_PROGRAM = tmux
# default
.VARIABLES := 
# environment
TMPDIR = /var/folders/6m/jh96jpjx69l3195glk16f1kr0000gn/T/
# automatic
*F = $(notdir $*)
# environment
VSCODE_IPC_HOOK = /Users/mjorgensen/Library/Application Support/Code/1.69.0-main.sock
# makefile (from `Makefile', line 36)
git_hash = `git rev-parse --short HEAD`
# environment
MallocNanoZone = 0
# makefile
MAKEFLAGS = Rrqp
# environment
FEDI_INSTANCE_API_KEY = ***REMOVED***
# environment
MFLAGS = -Rrqp
# automatic
*D = $(patsubst %/,%,$(dir $*))
# environment
TERM_PROGRAM_VERSION = 3.2a
# environment
XPC_SERVICE_NAME = application.com.microsoft.VSCode.109538995.109539001.F8250BBF-EEEB-48EE-82AA-897EDAE6D29B
# environment
LC_TERMINAL_VERSION = 3.4.16
# automatic
+D = $(patsubst %/,%,$(dir $+))
# environment
TMUX = /private/tmp/tmux-501/default,29315,0
# automatic
+F = $(notdir $+)
# environment
ITERM_SESSION_ID = w0t0p0:BA8374E8-1264-4902-A50A-C2F92F6314C3
# environment
COLORFGBG = 15;0
# environment
__CF_USER_TEXT_ENCODING = 0x1F5:0x0:0x0
# environment
COMMAND_MODE = unix2003
# default
MAKEFILES := 
# environment
RBENV_SHELL = zsh
# automatic
<F = $(notdir $<)
# environment
ITERM_PROFILE = Default
# makefile (from `Makefile', line 2)
BUNDLE := bundle
# makefile (from `Makefile', line 31)
proofer_opts := --check-html 
# environment
EDITOR = vim
# environment
PAGER = less
# environment
LC_ALL = C
# environment
VIRTUAL_ENV_DISABLE_PROMPT = 1
# makefile (from `Makefile', line 28)
HASHMARK := #
# environment
SECURITYSESSIONID = 186a7
# makefile (from `Makefile', line 3)
JEKYLL := bundle exec jekyll
# automatic
^F = $(notdir $^)
# default
SUFFIXES := 
# default
.INCLUDE_DIRS = /usr/local/include
# environment
MAKELEVEL := 0
# environment
GPG_TTY = /dev/ttys000
# environment
LANG = C
# environment
TERM = screen-256color-bce
# environment
VSCODE_PID = 99881
# makefile (from `Makefile', line 4)
HTMLPROOFER := bundle exec htmlproofer
# environment
ASH_SESSION_ID = a6bf28ae-b59c-4e5e-8d5e-3c2d2f73bcdb
# variable set hash-table stats:
# Load=103/1024=10%, Rehash=0, Collisions=11/137=8%

# Pattern-specific Variable Values

# No pattern-specific variable values.

# Directories

# . (device 16777225, inode 109863677): 41 files, no impossibilities.

# 41 files, no impossibilities in 1 directories.

# Implicit Rules

# No implicit rules.

# Files

all: serve
#  Phony target (prerequisite of .PHONY).
#  Command-line target.
#  Implicit rule search has not been done.
#  File does not exist.
#  File has been updated.
#  Needs to be updated (-q is set).
 
# variable set hash-table stats:
# Load=0/32=0%, Rehash=0, Collisions=0/3=0%

.PHONY: all clean install update
#  Implicit rule search has not been done.
#  Modification time never checked.
#  File has not been updated.

html-proof: install build
#  Implicit rule search has not been done.
#  Modification time never checked.
#  File has not been updated.
#  commands to execute (from `Makefile', line 34):
	$(HTMLPROOFER) $(proofer_opts) _site
	

# Not a target:
.SUFFIXES:
#  Implicit rule search has not been done.
#  Modification time never checked.
#  File has not been updated.

# Not a target:
Makefile:
#  Implicit rule search has been done.
#  Last modified 2022-07-15 20:01:05
#  File has been updated.
#  Successfully updated.
# variable set hash-table stats:
# Load=0/32=0%, Rehash=0, Collisions=0/0=0%

update: Gemfile
#  Phony target (prerequisite of .PHONY).
#  Implicit rule search has not been done.
#  File does not exist.
#  File has not been updated.
#  commands to execute (from `Makefile', line 19):
	$(BUNDLE) update
	

build: install
#  Implicit rule search has not been done.
#  Modification time never checked.
#  File has not been updated.
#  commands to execute (from `Makefile', line 22):
	echo -n $(git_hash) > $(PWD)/_includes/version
	JEKYLL_ENV=production $(JEKYLL) build
	

# Not a target:
Gemfile:
#  Implicit rule search has been done.
#  Last modified 2022-07-15 19:28:53
#  File has been updated.
#  Successfully updated.
# variable set hash-table stats:
# Load=0/32=0%, Rehash=0, Collisions=0/0=0%

# Not a target:
.DEFAULT:
#  Implicit rule search has not been done.
#  Modification time never checked.
#  File has not been updated.

clean:
#  Phony target (prerequisite of .PHONY).
#  Implicit rule search has not been done.
#  File does not exist.
#  File has not been updated.
#  commands to execute (from `Makefile', line 43):
	rm -r _site
	

deploy: update build
#  Implicit rule search has not been done.
#  Modification time never checked.
#  File has not been updated.
#  commands to execute (from `Makefile', line 40):
	rsync --rsh="ssh $(sshopts)" -rP _site/ deploy@prplecake.com:/var/www/prplecake.com --delete
	

 
check:
#  Implicit rule search has not been done.
#  Modification time never checked.
#  File has not been updated.
#  commands to execute (from `Makefile', line 13):
	$(JEKYLL) doctor
	

serve: install
#  Implicit rule search has not been done.
#  File does not exist.
#  File has been updated.
#  Needs to be updated (-q is set).
# variable set hash-table stats:
# Load=0/32=0%, Rehash=0, Collisions=0/3=0%
#  commands to execute (from `Makefile', line 26):
	JEKYLL_ENV=production $(JEKYLL) serve
	

install: Gemfile
#  Phony target (prerequisite of .PHONY).
#  Implicit rule search has not been done.
#  Implicit/static pattern stem: `'
#  File does not exist.
#  File has been updated.
#  Needs to be updated (-q is set).
# automatic
# @ := install
# automatic
# % := 
# automatic
# * := 
# automatic
# + := Gemfile
# automatic
# | := 
# automatic
# < := Gemfile
# automatic
# ^ := Gemfile
# automatic
# ? := Gemfile
# variable set hash-table stats:
# Load=8/32=25%, Rehash=0, Collisions=3/11=27%
#  commands to execute (from `Makefile', line 16):
	$(BUNDLE) install --path vendor/bundle
	

# files hash-table stats:
# Load=14/1024=1%, Rehash=0, Collisions=0/41=0%
# VPATH Search Paths

# No `vpath' search paths.

# No general (`VPATH' variable) search path.

# # of strings in strcache: 1
# # of strcache buffers: 1
# strcache size: total = 4096 / max = 4096 / min = 4096 / avg = 4096
# strcache free: total = 4087 / max = 4087 / min = 4087 / avg = 4087

# Finished Make data base on Fri Jul 15 20:25:57 2022

 
